[debug] [2025-05-13T08:27:08.673Z] ----------------------------------------------------------------------
[debug] [2025-05-13T08:27:08.680Z] Command:       C:\nvm4w\nodejs\node.exe C:\nvm4w\nodejs\node_modules\firebase-tools\lib\bin\firebase.js deploy --only functions:python_functions
[debug] [2025-05-13T08:27:08.680Z] CLI Version:   14.3.1
[debug] [2025-05-13T08:27:08.680Z] Platform:      win32
[debug] [2025-05-13T08:27:08.680Z] Node Version:  v20.12.2
[debug] [2025-05-13T08:27:08.681Z] Time:          Tue May 13 2025 04:27:08 GMT-0400 (Eastern Daylight Time)
[debug] [2025-05-13T08:27:08.681Z] ----------------------------------------------------------------------
[debug] 
[debug] [2025-05-13T08:27:08.871Z] Field "/functions" in "firebase.json" is possibly invalid: must be object
[debug] [2025-05-13T08:27:08.872Z] Object "/functions/1" in "firebase.json" has unknown property: {"additionalProperty":"entryPoint"}
[debug] [2025-05-13T08:27:08.872Z] Field "/functions" in "firebase.json" is possibly invalid: must match a schema in anyOf
[debug] [2025-05-13T08:27:08.876Z] > command requires scopes: ["email","openid","https://www.googleapis.com/auth/cloudplatformprojects.readonly","https://www.googleapis.com/auth/firebase","https://www.googleapis.com/auth/cloud-platform"]
[debug] [2025-05-13T08:27:08.876Z] > authorizing via signed-in user (uzondut@gmail.com)
[debug] [2025-05-13T08:27:08.876Z] [iam] checking project actual-backend-app-e626b for permissions ["cloudfunctions.functions.create","cloudfunctions.functions.delete","cloudfunctions.functions.get","cloudfunctions.functions.list","cloudfunctions.functions.update","cloudfunctions.operations.get","firebase.projects.get"]
[debug] [2025-05-13T08:27:08.878Z] Checked if tokens are valid: true, expires at: 1747126443881
[debug] [2025-05-13T08:27:08.878Z] Checked if tokens are valid: true, expires at: 1747126443881
[debug] [2025-05-13T08:27:08.879Z] >>> [apiv2][query] POST https://cloudresourcemanager.googleapis.com/v1/projects/actual-backend-app-e626b:testIamPermissions [none]
[debug] [2025-05-13T08:27:08.879Z] >>> [apiv2][(partial)header] POST https://cloudresourcemanager.googleapis.com/v1/projects/actual-backend-app-e626b:testIamPermissions x-goog-quota-user=projects/actual-backend-app-e626b
[debug] [2025-05-13T08:27:08.879Z] >>> [apiv2][body] POST https://cloudresourcemanager.googleapis.com/v1/projects/actual-backend-app-e626b:testIamPermissions {"permissions":["cloudfunctions.functions.create","cloudfunctions.functions.delete","cloudfunctions.functions.get","cloudfunctions.functions.list","cloudfunctions.functions.update","cloudfunctions.operations.get","firebase.projects.get"]}
[debug] [2025-05-13T08:27:09.154Z] <<< [apiv2][status] POST https://cloudresourcemanager.googleapis.com/v1/projects/actual-backend-app-e626b:testIamPermissions 200
[debug] [2025-05-13T08:27:09.155Z] <<< [apiv2][body] POST https://cloudresourcemanager.googleapis.com/v1/projects/actual-backend-app-e626b:testIamPermissions {"permissions":["cloudfunctions.functions.create","cloudfunctions.functions.delete","cloudfunctions.functions.get","cloudfunctions.functions.list","cloudfunctions.functions.update","cloudfunctions.operations.get","firebase.projects.get"]}
[debug] [2025-05-13T08:27:09.155Z] Checked if tokens are valid: true, expires at: 1747126443881
[debug] [2025-05-13T08:27:09.155Z] Checked if tokens are valid: true, expires at: 1747126443881
[debug] [2025-05-13T08:27:09.155Z] >>> [apiv2][query] POST https://iam.googleapis.com/v1/projects/actual-backend-app-e626b/serviceAccounts/actual-backend-app-e626b@appspot.gserviceaccount.com:testIamPermissions [none]
[debug] [2025-05-13T08:27:09.155Z] >>> [apiv2][body] POST https://iam.googleapis.com/v1/projects/actual-backend-app-e626b/serviceAccounts/actual-backend-app-e626b@appspot.gserviceaccount.com:testIamPermissions {"permissions":["iam.serviceAccounts.actAs"]}
[debug] [2025-05-13T08:27:09.372Z] <<< [apiv2][status] POST https://iam.googleapis.com/v1/projects/actual-backend-app-e626b/serviceAccounts/actual-backend-app-e626b@appspot.gserviceaccount.com:testIamPermissions 200
[debug] [2025-05-13T08:27:09.372Z] <<< [apiv2][body] POST https://iam.googleapis.com/v1/projects/actual-backend-app-e626b/serviceAccounts/actual-backend-app-e626b@appspot.gserviceaccount.com:testIamPermissions {"permissions":["iam.serviceAccounts.actAs"]}
[info] 
[info] === Deploying to 'actual-backend-app-e626b'...
[info] 
[info] i  deploying functions 
[debug] [2025-05-13T08:27:09.375Z] Checked if tokens are valid: true, expires at: 1747126443881
[debug] [2025-05-13T08:27:09.375Z] Checked if tokens are valid: true, expires at: 1747126443881
[debug] [2025-05-13T08:27:09.375Z] >>> [apiv2][query] GET https://serviceusage.googleapis.com/v1/projects/actual-backend-app-e626b/services/cloudresourcemanager.googleapis.com [none]
[debug] [2025-05-13T08:27:09.375Z] >>> [apiv2][(partial)header] GET https://serviceusage.googleapis.com/v1/projects/actual-backend-app-e626b/services/cloudresourcemanager.googleapis.com x-goog-quota-user=projects/actual-backend-app-e626b
[debug] [2025-05-13T08:27:09.904Z] <<< [apiv2][status] GET https://serviceusage.googleapis.com/v1/projects/actual-backend-app-e626b/services/cloudresourcemanager.googleapis.com 200
[debug] [2025-05-13T08:27:09.905Z] <<< [apiv2][body] GET https://serviceusage.googleapis.com/v1/projects/actual-backend-app-e626b/services/cloudresourcemanager.googleapis.com [omitted]
[debug] [2025-05-13T08:27:09.905Z] Checked if tokens are valid: true, expires at: 1747126443881
[debug] [2025-05-13T08:27:09.905Z] Checked if tokens are valid: true, expires at: 1747126443881
[debug] [2025-05-13T08:27:09.905Z] >>> [apiv2][query] GET https://cloudresourcemanager.googleapis.com/v1/projects/actual-backend-app-e626b [none]
[debug] [2025-05-13T08:27:10.017Z] <<< [apiv2][status] GET https://cloudresourcemanager.googleapis.com/v1/projects/actual-backend-app-e626b 200
[debug] [2025-05-13T08:27:10.018Z] <<< [apiv2][body] GET https://cloudresourcemanager.googleapis.com/v1/projects/actual-backend-app-e626b {"projectNumber":"33842684769","projectId":"actual-backend-app-e626b","lifecycleState":"ACTIVE","name":"actual-backend-app","labels":{"firebase":"enabled","firebase-core":"disabled"},"createTime":"2025-05-10T08:17:37.748694Z"}
[info] i  functions: preparing codebase python_functions for deployment 
[info] i  functions: ensuring required API cloudfunctions.googleapis.com is enabled... 
[debug] [2025-05-13T08:27:10.019Z] Checked if tokens are valid: true, expires at: 1747126443881
[debug] [2025-05-13T08:27:10.019Z] Checked if tokens are valid: true, expires at: 1747126443881
[debug] [2025-05-13T08:27:10.019Z] Checked if tokens are valid: true, expires at: 1747126443881
[debug] [2025-05-13T08:27:10.019Z] Checked if tokens are valid: true, expires at: 1747126443881
[info] i  functions: ensuring required API cloudbuild.googleapis.com is enabled... 
[debug] [2025-05-13T08:27:10.019Z] Checked if tokens are valid: true, expires at: 1747126443881
[debug] [2025-05-13T08:27:10.019Z] Checked if tokens are valid: true, expires at: 1747126443881
[info] i  artifactregistry: ensuring required API artifactregistry.googleapis.com is enabled... 
[debug] [2025-05-13T08:27:10.020Z] Checked if tokens are valid: true, expires at: 1747126443881
[debug] [2025-05-13T08:27:10.020Z] Checked if tokens are valid: true, expires at: 1747126443881
[debug] [2025-05-13T08:27:10.020Z] >>> [apiv2][query] GET https://serviceusage.googleapis.com/v1/projects/actual-backend-app-e626b/services/cloudfunctions.googleapis.com [none]
[debug] [2025-05-13T08:27:10.020Z] >>> [apiv2][(partial)header] GET https://serviceusage.googleapis.com/v1/projects/actual-backend-app-e626b/services/cloudfunctions.googleapis.com x-goog-quota-user=projects/actual-backend-app-e626b
[debug] [2025-05-13T08:27:10.020Z] >>> [apiv2][query] GET https://serviceusage.googleapis.com/v1/projects/actual-backend-app-e626b/services/runtimeconfig.googleapis.com [none]
[debug] [2025-05-13T08:27:10.020Z] >>> [apiv2][(partial)header] GET https://serviceusage.googleapis.com/v1/projects/actual-backend-app-e626b/services/runtimeconfig.googleapis.com x-goog-quota-user=projects/actual-backend-app-e626b
[debug] [2025-05-13T08:27:10.022Z] >>> [apiv2][query] GET https://serviceusage.googleapis.com/v1/projects/actual-backend-app-e626b/services/cloudbuild.googleapis.com [none]
[debug] [2025-05-13T08:27:10.022Z] >>> [apiv2][(partial)header] GET https://serviceusage.googleapis.com/v1/projects/actual-backend-app-e626b/services/cloudbuild.googleapis.com x-goog-quota-user=projects/actual-backend-app-e626b
[debug] [2025-05-13T08:27:10.023Z] >>> [apiv2][query] GET https://serviceusage.googleapis.com/v1/projects/actual-backend-app-e626b/services/artifactregistry.googleapis.com [none]
[debug] [2025-05-13T08:27:10.023Z] >>> [apiv2][(partial)header] GET https://serviceusage.googleapis.com/v1/projects/actual-backend-app-e626b/services/artifactregistry.googleapis.com x-goog-quota-user=projects/actual-backend-app-e626b
[debug] [2025-05-13T08:27:10.369Z] <<< [apiv2][status] GET https://serviceusage.googleapis.com/v1/projects/actual-backend-app-e626b/services/artifactregistry.googleapis.com 200
[debug] [2025-05-13T08:27:10.369Z] <<< [apiv2][body] GET https://serviceusage.googleapis.com/v1/projects/actual-backend-app-e626b/services/artifactregistry.googleapis.com [omitted]
[info] +  artifactregistry: required API artifactregistry.googleapis.com is enabled 
[debug] [2025-05-13T08:27:10.387Z] <<< [apiv2][status] GET https://serviceusage.googleapis.com/v1/projects/actual-backend-app-e626b/services/cloudfunctions.googleapis.com 200
[debug] [2025-05-13T08:27:10.387Z] <<< [apiv2][body] GET https://serviceusage.googleapis.com/v1/projects/actual-backend-app-e626b/services/cloudfunctions.googleapis.com [omitted]
[info] +  functions: required API cloudfunctions.googleapis.com is enabled 
[debug] [2025-05-13T08:27:10.457Z] <<< [apiv2][status] GET https://serviceusage.googleapis.com/v1/projects/actual-backend-app-e626b/services/cloudbuild.googleapis.com 200
[debug] [2025-05-13T08:27:10.457Z] <<< [apiv2][body] GET https://serviceusage.googleapis.com/v1/projects/actual-backend-app-e626b/services/cloudbuild.googleapis.com [omitted]
[info] +  functions: required API cloudbuild.googleapis.com is enabled 
[debug] [2025-05-13T08:27:10.459Z] <<< [apiv2][status] GET https://serviceusage.googleapis.com/v1/projects/actual-backend-app-e626b/services/runtimeconfig.googleapis.com 200
[debug] [2025-05-13T08:27:10.459Z] <<< [apiv2][body] GET https://serviceusage.googleapis.com/v1/projects/actual-backend-app-e626b/services/runtimeconfig.googleapis.com [omitted]
[debug] [2025-05-13T08:27:10.460Z] Checked if tokens are valid: true, expires at: 1747126443881
[debug] [2025-05-13T08:27:10.460Z] Checked if tokens are valid: true, expires at: 1747126443881
[debug] [2025-05-13T08:27:10.460Z] >>> [apiv2][query] GET https://firebase.googleapis.com/v1beta1/projects/actual-backend-app-e626b/adminSdkConfig [none]
[debug] [2025-05-13T08:27:10.915Z] <<< [apiv2][status] GET https://firebase.googleapis.com/v1beta1/projects/actual-backend-app-e626b/adminSdkConfig 200
[debug] [2025-05-13T08:27:10.915Z] <<< [apiv2][body] GET https://firebase.googleapis.com/v1beta1/projects/actual-backend-app-e626b/adminSdkConfig {"projectId":"actual-backend-app-e626b","storageBucket":"actual-backend-app-e626b.firebasestorage.app"}
[debug] [2025-05-13T08:27:10.915Z] Checked if tokens are valid: true, expires at: 1747126443881
[debug] [2025-05-13T08:27:10.915Z] Checked if tokens are valid: true, expires at: 1747126443881
[debug] [2025-05-13T08:27:10.915Z] >>> [apiv2][query] GET https://runtimeconfig.googleapis.com/v1beta1/projects/actual-backend-app-e626b/configs [none]
[debug] [2025-05-13T08:27:11.264Z] <<< [apiv2][status] GET https://runtimeconfig.googleapis.com/v1beta1/projects/actual-backend-app-e626b/configs 200
[debug] [2025-05-13T08:27:11.264Z] <<< [apiv2][body] GET https://runtimeconfig.googleapis.com/v1beta1/projects/actual-backend-app-e626b/configs {}
[debug] [2025-05-13T08:27:11.265Z] Customer code is not Node
[debug] [2025-05-13T08:27:11.266Z] Validating python source
[debug] [2025-05-13T08:27:11.266Z] Building python source
[info] i  functions: Loading and analyzing source code for codebase python_functions to determine what to deploy 
[debug] [2025-05-13T08:27:11.266Z] Could not find functions.yaml. Must use http discovery
[debug] [2025-05-13T08:27:11.273Z] Running command with virtualenv: command="C:\GitHub\actual-backend-app\python_functions\venv\Scripts\activate.bat", args=["","&&","python.exe","-c","\"import firebase_functions; import os; print(os.path.dirname(firebase_functions.__file__))\""]
[debug] [2025-05-13T08:27:11.425Z] stderr: Traceback (most recent call last):
  File "<string>", line 1, in <module>

[debug] [2025-05-13T08:27:11.427Z] stderr: ModuleNotFoundError: No module named 'firebase_functions'

[debug] [2025-05-13T08:27:11.548Z] Error: spawn "C:\GitHub\actual-backend-app\python_functions\venv\Scripts\activate.bat" ENOENT
    at notFoundError (C:\Users\uzond\AppData\Local\nvm\v20.12.2\node_modules\firebase-tools\node_modules\cross-spawn\lib\enoent.js:6:26)
    at verifyENOENT (C:\Users\uzond\AppData\Local\nvm\v20.12.2\node_modules\firebase-tools\node_modules\cross-spawn\lib\enoent.js:40:16)
    at cp.emit (C:\Users\uzond\AppData\Local\nvm\v20.12.2\node_modules\firebase-tools\node_modules\cross-spawn\lib\enoent.js:27:25)
    at ChildProcess._handle.onexit (node:internal/child_process:294:12)
[error] 
[error] Error: An unexpected error has occurred.
